-------------------------------------------------------------------------------
Test set: com.rhc.lab.drools.DroolsTest
-------------------------------------------------------------------------------
Tests run: 2, Failures: 0, Errors: 1, Skipped: 0, Time elapsed: 1.05 sec <<< FAILURE!
runRules(com.rhc.lab.drools.DroolsTest)  Time elapsed: 0.088 sec  <<< ERROR!
[Error: null pointer: performer.type]
[Near : {... performer.type == PerformanceT ....}]
             ^
In [Rule "Reject Orchestra when Band is booked" in rules/createBooking.drl]
	at org.mvel2.optimizers.impl.refl.ReflectiveAccessorOptimizer.compileGetChain(ReflectiveAccessorOptimizer.java:450)
	at org.mvel2.optimizers.impl.refl.ReflectiveAccessorOptimizer.optimizeAccessor(ReflectiveAccessorOptimizer.java:163)
	at org.mvel2.ast.ASTNode.optimize(ASTNode.java:159)
	at org.mvel2.ast.ASTNode.getReducedValueAccelerated(ASTNode.java:115)
	at org.mvel2.ast.BinaryOperation.getReducedValueAccelerated(BinaryOperation.java:117)
	at org.mvel2.MVELRuntime.execute(MVELRuntime.java:85)
	at org.mvel2.compiler.CompiledExpression.getDirectValue(CompiledExpression.java:123)
	at org.mvel2.compiler.CompiledExpression.getValue(CompiledExpression.java:119)
	at org.mvel2.compiler.CompiledExpression.getValue(CompiledExpression.java:113)
	at org.mvel2.MVEL.executeExpression(MVEL.java:930)
	at org.drools.core.util.MVELSafeHelper$RawMVELEvaluator.executeExpression(MVELSafeHelper.java:481)
	at org.drools.core.rule.constraint.MvelConditionEvaluator.evaluate(MvelConditionEvaluator.java:77)
	at org.drools.core.rule.constraint.MvelConditionEvaluator.evaluate(MvelConditionEvaluator.java:62)
	at org.drools.core.rule.constraint.MvelConstraint.evaluate(MvelConstraint.java:230)
	at org.drools.core.rule.constraint.MvelConstraint.isAllowed(MvelConstraint.java:187)
	at org.drools.core.reteoo.AlphaNode.assertObject(AlphaNode.java:141)
	at org.drools.core.reteoo.CompositeObjectSinkAdapter.doPropagateAssertObject(CompositeObjectSinkAdapter.java:504)
	at org.drools.core.reteoo.CompositeObjectSinkAdapter.propagateAssertObject(CompositeObjectSinkAdapter.java:389)
	at org.drools.core.reteoo.ObjectTypeNode.propagateAssert(ObjectTypeNode.java:297)
	at org.drools.core.phreak.PropagationEntry$Insert.execute(PropagationEntry.java:64)
	at org.drools.core.phreak.SynchronizedPropagationList.internalFlush(SynchronizedPropagationList.java:61)
	at org.drools.core.phreak.SynchronizedPropagationList.flush(SynchronizedPropagationList.java:49)
	at org.drools.core.impl.StatefulKnowledgeSessionImpl.flushPropagations(StatefulKnowledgeSessionImpl.java:2135)
	at org.drools.core.impl.StatefulKnowledgeSessionImpl.fireAllRules(StatefulKnowledgeSessionImpl.java:1289)
	at org.drools.core.impl.StatefulKnowledgeSessionImpl.fireAllRules(StatefulKnowledgeSessionImpl.java:1265)
	at org.drools.core.command.runtime.rule.FireAllRulesCommand.execute(FireAllRulesCommand.java:109)
	at org.drools.core.command.runtime.rule.FireAllRulesCommand.execute(FireAllRulesCommand.java:34)
	at org.drools.core.command.runtime.BatchExecutionCommandImpl.execute(BatchExecutionCommandImpl.java:155)
	at org.drools.core.command.runtime.BatchExecutionCommandImpl.execute(BatchExecutionCommandImpl.java:76)
	at org.drools.core.impl.StatelessKnowledgeSessionImpl.execute(StatelessKnowledgeSessionImpl.java:314)
	at com.rhc.lab.kie.service.impl.LocalStatelessDecisionService.execute(LocalStatelessDecisionService.java:78)
	at com.rhc.lab.kie.service.impl.LocalStatelessDecisionService.execute(LocalStatelessDecisionService.java:131)
	at com.rhc.lab.drools.DroolsTest.runRules(DroolsTest.java:38)
	at sun.reflect.NativeMethodAccessorImpl.invoke0(Native Method)
	at sun.reflect.NativeMethodAccessorImpl.invoke(NativeMethodAccessorImpl.java:62)
	at sun.reflect.DelegatingMethodAccessorImpl.invoke(DelegatingMethodAccessorImpl.java:43)
	at java.lang.reflect.Method.invoke(Method.java:497)
	at org.junit.runners.model.FrameworkMethod$1.runReflectiveCall(FrameworkMethod.java:50)
	at org.junit.internal.runners.model.ReflectiveCallable.run(ReflectiveCallable.java:12)
	at org.junit.runners.model.FrameworkMethod.invokeExplosively(FrameworkMethod.java:47)
	at org.junit.internal.runners.statements.InvokeMethod.evaluate(InvokeMethod.java:17)
	at org.springframework.test.context.junit4.statements.RunBeforeTestMethodCallbacks.evaluate(RunBeforeTestMethodCallbacks.java:73)
	at org.springframework.test.context.junit4.statements.RunAfterTestMethodCallbacks.evaluate(RunAfterTestMethodCallbacks.java:82)
	at org.springframework.test.context.junit4.statements.SpringRepeat.evaluate(SpringRepeat.java:73)
	at org.junit.runners.ParentRunner.runLeaf(ParentRunner.java:325)
	at org.springframework.test.context.junit4.SpringJUnit4ClassRunner.runChild(SpringJUnit4ClassRunner.java:217)
	at org.springframework.test.context.junit4.SpringJUnit4ClassRunner.runChild(SpringJUnit4ClassRunner.java:83)
	at org.junit.runners.ParentRunner$3.run(ParentRunner.java:290)
	at org.junit.runners.ParentRunner$1.schedule(ParentRunner.java:71)
	at org.junit.runners.ParentRunner.runChildren(ParentRunner.java:288)
	at org.junit.runners.ParentRunner.access$000(ParentRunner.java:58)
	at org.junit.runners.ParentRunner$2.evaluate(ParentRunner.java:268)
	at org.springframework.test.context.junit4.statements.RunBeforeTestClassCallbacks.evaluate(RunBeforeTestClassCallbacks.java:61)
	at org.springframework.test.context.junit4.statements.RunAfterTestClassCallbacks.evaluate(RunAfterTestClassCallbacks.java:68)
	at org.junit.runners.ParentRunner.run(ParentRunner.java:363)
	at org.springframework.test.context.junit4.SpringJUnit4ClassRunner.run(SpringJUnit4ClassRunner.java:163)
	at org.apache.maven.surefire.junit4.JUnit4Provider.execute(JUnit4Provider.java:252)
	at org.apache.maven.surefire.junit4.JUnit4Provider.executeTestSet(JUnit4Provider.java:141)
	at org.apache.maven.surefire.junit4.JUnit4Provider.invoke(JUnit4Provider.java:112)
	at sun.reflect.NativeMethodAccessorImpl.invoke0(Native Method)
	at sun.reflect.NativeMethodAccessorImpl.invoke(NativeMethodAccessorImpl.java:62)
	at sun.reflect.DelegatingMethodAccessorImpl.invoke(DelegatingMethodAccessorImpl.java:43)
	at java.lang.reflect.Method.invoke(Method.java:497)
	at org.apache.maven.surefire.util.ReflectionUtils.invokeMethodWithArray(ReflectionUtils.java:189)
	at org.apache.maven.surefire.booter.ProviderFactory$ProviderProxy.invoke(ProviderFactory.java:165)
	at org.apache.maven.surefire.booter.ProviderFactory.invokeProvider(ProviderFactory.java:85)
	at org.apache.maven.surefire.booter.ForkedBooter.runSuitesInProcess(ForkedBooter.java:115)
	at org.apache.maven.surefire.booter.ForkedBooter.main(ForkedBooter.java:75)
Caused by: java.lang.NullPointerException
	at org.mvel2.optimizers.impl.refl.ReflectiveAccessorOptimizer.compileGetChain(ReflectiveAccessorOptimizer.java:416)
	... 67 more

